{"/Users/giacomo.pasin/Documents/dev/cherry-lerna/packages/extractor/src/methods/createFieldDictionaryFromKeymaps.ts": {"path":"/Users/giacomo.pasin/Documents/dev/cherry-lerna/packages/extractor/src/methods/createFieldDictionaryFromKeymaps.ts","statementMap":{"0":{"start":{"line":3,"column":48},"end":{"line":14,"column":1}},"1":{"start":{"line":6,"column":24},"end":{"line":10,"column":10}},"2":{"start":{"line":7,"column":29},"end":{"line":7,"column":42}},"3":{"start":{"line":9,"column":6},"end":{"line":9,"column":45}},"4":{"start":{"line":12,"column":25},"end":{"line":12,"column":59}},"5":{"start":{"line":13,"column":2},"end":{"line":13,"column":19}},"6":{"start":{"line":3,"column":13},"end":{"line":3,"column":48}},"7":{"start":{"line":16,"column":0},"end":{"line":16,"column":48}}},"fnMap":{"0":{"name":"(anonymous_0)","decl":{"start":{"line":3,"column":48},"end":{"line":3,"column":null}},"loc":{"start":{"line":5,"column":14},"end":{"line":14,"column":1}}},"1":{"name":"(anonymous_1)","decl":{"start":{"line":7,"column":9},"end":{"line":7,"column":10}},"loc":{"start":{"line":7,"column":29},"end":{"line":7,"column":42}}},"2":{"name":"(anonymous_2)","decl":{"start":{"line":8,"column":12},"end":{"line":8,"column":13}},"loc":{"start":{"line":8,"column":40},"end":{"line":10,"column":5}}}},"branchMap":{},"s":{"0":1,"1":3,"2":4,"3":4,"4":3,"5":3,"6":1,"7":1},"f":{"0":3,"1":4,"2":4},"b":{}}
,"/Users/giacomo.pasin/Documents/dev/cherry-lerna/packages/extractor/src/methods/extractCorrespondentValuesFromKeymap.ts": {"path":"/Users/giacomo.pasin/Documents/dev/cherry-lerna/packages/extractor/src/methods/extractCorrespondentValuesFromKeymap.ts","statementMap":{"0":{"start":{"line":1,"column":45},"end":{"line":46,"column":1}},"1":{"start":{"line":5,"column":24},"end":{"line":5,"column":26}},"2":{"start":{"line":6,"column":2},"end":{"line":43,"column":5}},"3":{"start":{"line":7,"column":4},"end":{"line":42,"column":null}},"4":{"start":{"line":8,"column":24},"end":{"line":8,"column":37}},"5":{"start":{"line":9,"column":22},"end":{"line":9,"column":47}},"6":{"start":{"line":10,"column":6},"end":{"line":10,"column":29}},"7":{"start":{"line":11,"column":25},"end":{"line":11,"column":44}},"8":{"start":{"line":12,"column":22},"end":{"line":12,"column":76}},"9":{"start":{"line":13,"column":24},"end":{"line":13,"column":46}},"10":{"start":{"line":15,"column":6},"end":{"line":24,"column":null}},"11":{"start":{"line":16,"column":8},"end":{"line":21,"column":11}},"12":{"start":{"line":17,"column":20},"end":{"line":17,"column":74}},"13":{"start":{"line":18,"column":10},"end":{"line":20,"column":null}},"14":{"start":{"line":19,"column":12},"end":{"line":19,"column":32}},"15":{"start":{"line":23,"column":8},"end":{"line":23,"column":27}},"16":{"start":{"line":25,"column":11},"end":{"line":42,"column":null}},"17":{"start":{"line":26,"column":26},"end":{"line":26,"column":40}},"18":{"start":{"line":27,"column":19},"end":{"line":27,"column":46}},"19":{"start":{"line":28,"column":20},"end":{"line":28,"column":30}},"20":{"start":{"line":29,"column":34},"end":{"line":29,"column":36}},"21":{"start":{"line":30,"column":6},"end":{"line":30,"column":44}},"22":{"start":{"line":31,"column":6},"end":{"line":31,"column":79}},"23":{"start":{"line":33,"column":20},"end":{"line":33,"column":29}},"24":{"start":{"line":34,"column":6},"end":{"line":41,"column":null}},"25":{"start":{"line":35,"column":8},"end":{"line":40,"column":null}},"26":{"start":{"line":36,"column":22},"end":{"line":36,"column":52}},"27":{"start":{"line":36,"column":39},"end":{"line":36,"column":51}},"28":{"start":{"line":37,"column":10},"end":{"line":37,"column":42}},"29":{"start":{"line":39,"column":10},"end":{"line":39,"column":42}},"30":{"start":{"line":45,"column":2},"end":{"line":45,"column":18}},"31":{"start":{"line":48,"column":0},"end":{"line":48,"column":52}}},"fnMap":{"0":{"name":"(anonymous_0)","decl":{"start":{"line":1,"column":45},"end":{"line":1,"column":null}},"loc":{"start":{"line":4,"column":14},"end":{"line":46,"column":1}}},"1":{"name":"(anonymous_1)","decl":{"start":{"line":6,"column":17},"end":{"line":6,"column":18}},"loc":{"start":{"line":6,"column":30},"end":{"line":43,"column":3}}},"2":{"name":"(anonymous_2)","decl":{"start":{"line":16,"column":24},"end":{"line":16,"column":25}},"loc":{"start":{"line":16,"column":34},"end":{"line":21,"column":9}}},"3":{"name":"(anonymous_3)","decl":{"start":{"line":36,"column":32},"end":{"line":36,"column":33}},"loc":{"start":{"line":36,"column":39},"end":{"line":36,"column":51}}}},"branchMap":{"0":{"loc":{"start":{"line":7,"column":4},"end":{"line":42,"column":null}},"type":"if","locations":[{"start":{"line":7,"column":4},"end":{"line":42,"column":null}},{"start":{"line":25,"column":11},"end":{"line":42,"column":null}}]},"1":{"loc":{"start":{"line":12,"column":22},"end":{"line":12,"column":76}},"type":"cond-expr","locations":[{"start":{"line":12,"column":44},"end":{"line":12,"column":60}},{"start":{"line":12,"column":63},"end":{"line":12,"column":76}}]},"2":{"loc":{"start":{"line":15,"column":6},"end":{"line":24,"column":null}},"type":"if","locations":[{"start":{"line":15,"column":6},"end":{"line":24,"column":null}},{"start":{"line":22,"column":13},"end":{"line":24,"column":null}}]},"3":{"loc":{"start":{"line":18,"column":10},"end":{"line":20,"column":null}},"type":"if","locations":[{"start":{"line":18,"column":10},"end":{"line":20,"column":null}}]},"4":{"loc":{"start":{"line":25,"column":11},"end":{"line":42,"column":null}},"type":"if","locations":[{"start":{"line":25,"column":11},"end":{"line":42,"column":null}},{"start":{"line":32,"column":11},"end":{"line":42,"column":null}}]},"5":{"loc":{"start":{"line":34,"column":6},"end":{"line":41,"column":null}},"type":"if","locations":[{"start":{"line":34,"column":6},"end":{"line":41,"column":null}}]},"6":{"loc":{"start":{"line":35,"column":8},"end":{"line":40,"column":null}},"type":"if","locations":[{"start":{"line":35,"column":8},"end":{"line":40,"column":null}},{"start":{"line":38,"column":15},"end":{"line":40,"column":null}}]}},"s":{"0":1,"1":15,"2":15,"3":23,"4":4,"5":4,"6":4,"7":4,"8":4,"9":4,"10":4,"11":4,"12":8,"13":8,"14":3,"15":0,"16":19,"17":4,"18":4,"19":4,"20":4,"21":4,"22":4,"23":15,"24":15,"25":11,"26":2,"27":1,"28":2,"29":9,"30":15,"31":1},"f":{"0":15,"1":23,"2":8,"3":1},"b":{"0":[4,19],"1":[0,4],"2":[4,0],"3":[3],"4":[4,15],"5":[11],"6":[2,9]}}
,"/Users/giacomo.pasin/Documents/dev/cherry-lerna/packages/extractor/src/methods/extractValueTupleFromObject.ts": {"path":"/Users/giacomo.pasin/Documents/dev/cherry-lerna/packages/extractor/src/methods/extractValueTupleFromObject.ts","statementMap":{"0":{"start":{"line":2,"column":0},"end":{"line":2,"column":46}},"1":{"start":{"line":3,"column":0},"end":{"line":3,"column":90}},"2":{"start":{"line":4,"column":0},"end":{"line":4,"column":70}},"3":{"start":{"line":6,"column":43},"end":{"line":26,"column":1}},"4":{"start":{"line":7,"column":28},"end":{"line":7,"column":61}},"5":{"start":{"line":10,"column":15},"end":{"line":10,"column":63}},"6":{"start":{"line":12,"column":25},"end":{"line":12,"column":27}},"7":{"start":{"line":16,"column":2},"end":{"line":19,"column":5}},"8":{"start":{"line":17,"column":21},"end":{"line":17,"column":78}},"9":{"start":{"line":18,"column":4},"end":{"line":18,"column":31}},"10":{"start":{"line":21,"column":2},"end":{"line":23,"column":null}},"11":{"start":{"line":22,"column":4},"end":{"line":22,"column":33}},"12":{"start":{"line":25,"column":2},"end":{"line":25,"column":37}},"13":{"start":{"line":6,"column":13},"end":{"line":6,"column":43}},"14":{"start":{"line":28,"column":0},"end":{"line":28,"column":43}}},"fnMap":{"0":{"name":"(anonymous_0)","decl":{"start":{"line":6,"column":43},"end":{"line":6,"column":44}},"loc":{"start":{"line":6,"column":73},"end":{"line":26,"column":1}}},"1":{"name":"(anonymous_1)","decl":{"start":{"line":16,"column":18},"end":{"line":16,"column":19}},"loc":{"start":{"line":16,"column":29},"end":{"line":19,"column":3}}}},"branchMap":{"0":{"loc":{"start":{"line":10,"column":15},"end":{"line":10,"column":63}},"type":"cond-expr","locations":[{"start":{"line":10,"column":38},"end":{"line":10,"column":48}},{"start":{"line":10,"column":50},"end":{"line":10,"column":63}}]},"1":{"loc":{"start":{"line":21,"column":2},"end":{"line":23,"column":null}},"type":"if","locations":[{"start":{"line":21,"column":2},"end":{"line":23,"column":null}}]},"2":{"loc":{"start":{"line":21,"column":6},"end":{"line":21,"column":63}},"type":"binary-expr","locations":[{"start":{"line":21,"column":6},"end":{"line":21,"column":30}},{"start":{"line":21,"column":34},"end":{"line":21,"column":63}}]}},"s":{"0":1,"1":1,"2":1,"3":1,"4":2,"5":2,"6":2,"7":2,"8":2,"9":2,"10":2,"11":2,"12":2,"13":1,"14":1},"f":{"0":2,"1":2},"b":{"0":[0,2],"1":[2],"2":[2,2]}}
,"/Users/giacomo.pasin/Documents/dev/cherry-lerna/packages/extractor/src/methods/getScoredKeymapsFromObject.ts": {"path":"/Users/giacomo.pasin/Documents/dev/cherry-lerna/packages/extractor/src/methods/getScoredKeymapsFromObject.ts","statementMap":{"0":{"start":{"line":1,"column":0},"end":{"line":1,"column":38}},"1":{"start":{"line":2,"column":0},"end":{"line":2,"column":82}},"2":{"start":{"line":3,"column":0},"end":{"line":3,"column":58}},"3":{"start":{"line":4,"column":0},"end":{"line":4,"column":42}},"4":{"start":{"line":6,"column":35},"end":{"line":25,"column":1}},"5":{"start":{"line":7,"column":26},"end":{"line":7,"column":28}},"6":{"start":{"line":9,"column":2},"end":{"line":18,"column":null}},"7":{"start":{"line":10,"column":4},"end":{"line":15,"column":7}},"8":{"start":{"line":11,"column":24},"end":{"line":12,"column":null}},"9":{"start":{"line":12,"column":20},"end":{"line":12,"column":71}},"10":{"start":{"line":14,"column":6},"end":{"line":14,"column":54}},"11":{"start":{"line":17,"column":4},"end":{"line":17,"column":57}},"12":{"start":{"line":19,"column":20},"end":{"line":19,"column":61}},"13":{"start":{"line":21,"column":2},"end":{"line":21,"column":35}},"14":{"start":{"line":22,"column":2},"end":{"line":22,"column":44}},"15":{"start":{"line":22,"column":25},"end":{"line":22,"column":42}},"16":{"start":{"line":24,"column":2},"end":{"line":24,"column":17}},"17":{"start":{"line":27,"column":0},"end":{"line":27,"column":42}}},"fnMap":{"0":{"name":"(anonymous_0)","decl":{"start":{"line":6,"column":35},"end":{"line":6,"column":36}},"loc":{"start":{"line":6,"column":52},"end":{"line":25,"column":1}}},"1":{"name":"(anonymous_1)","decl":{"start":{"line":10,"column":30},"end":{"line":10,"column":31}},"loc":{"start":{"line":10,"column":43},"end":{"line":15,"column":5}}},"2":{"name":"(anonymous_2)","decl":{"start":{"line":12,"column":8},"end":{"line":12,"column":9}},"loc":{"start":{"line":12,"column":20},"end":{"line":12,"column":71}}},"3":{"name":"(anonymous_3)","decl":{"start":{"line":22,"column":15},"end":{"line":22,"column":16}},"loc":{"start":{"line":22,"column":25},"end":{"line":22,"column":42}}}},"branchMap":{"0":{"loc":{"start":{"line":9,"column":2},"end":{"line":18,"column":null}},"type":"if","locations":[{"start":{"line":9,"column":2},"end":{"line":18,"column":null}},{"start":{"line":16,"column":9},"end":{"line":18,"column":null}}]},"1":{"loc":{"start":{"line":12,"column":23},"end":{"line":12,"column":60}},"type":"cond-expr","locations":[{"start":{"line":12,"column":46},"end":{"line":12,"column":55}},{"start":{"line":12,"column":58},"end":{"line":12,"column":60}}]}},"s":{"0":1,"1":1,"2":1,"3":1,"4":1,"5":3,"6":3,"7":1,"8":2,"9":6,"10":2,"11":2,"12":3,"13":3,"14":3,"15":1,"16":3,"17":1},"f":{"0":3,"1":2,"2":6,"3":1},"b":{"0":[1,2],"1":[0,6]}}
,"/Users/giacomo.pasin/Documents/dev/cherry-lerna/packages/extractor/src/methods/mapObjectKeysToArray.ts": {"path":"/Users/giacomo.pasin/Documents/dev/cherry-lerna/packages/extractor/src/methods/mapObjectKeysToArray.ts","statementMap":{"0":{"start":{"line":1,"column":36},"end":{"line":27,"column":1}},"1":{"start":{"line":2,"column":25},"end":{"line":2,"column":27}},"2":{"start":{"line":4,"column":2},"end":{"line":24,"column":5}},"3":{"start":{"line":5,"column":18},"end":{"line":5,"column":29}},"4":{"start":{"line":6,"column":4},"end":{"line":23,"column":null}},"5":{"start":{"line":7,"column":6},"end":{"line":20,"column":null}},"6":{"start":{"line":8,"column":8},"end":{"line":16,"column":null}},"7":{"start":{"line":9,"column":10},"end":{"line":9,"column":27}},"8":{"start":{"line":11,"column":10},"end":{"line":15,"column":13}},"9":{"start":{"line":12,"column":12},"end":{"line":14,"column":15}},"10":{"start":{"line":13,"column":14},"end":{"line":13,"column":48}},"11":{"start":{"line":19,"column":8},"end":{"line":19,"column":61}},"12":{"start":{"line":22,"column":6},"end":{"line":22,"column":23}},"13":{"start":{"line":26,"column":2},"end":{"line":26,"column":23}},"14":{"start":{"line":1,"column":13},"end":{"line":1,"column":36}},"15":{"start":{"line":29,"column":0},"end":{"line":29,"column":36}}},"fnMap":{"0":{"name":"(anonymous_0)","decl":{"start":{"line":1,"column":36},"end":{"line":1,"column":37}},"loc":{"start":{"line":1,"column":62},"end":{"line":27,"column":1}}},"1":{"name":"(anonymous_1)","decl":{"start":{"line":4,"column":30},"end":{"line":4,"column":31}},"loc":{"start":{"line":4,"column":46},"end":{"line":24,"column":3}}},"2":{"name":"(anonymous_2)","decl":{"start":{"line":11,"column":33},"end":{"line":11,"column":34}},"loc":{"start":{"line":11,"column":49},"end":{"line":15,"column":11}}},"3":{"name":"(anonymous_3)","decl":{"start":{"line":12,"column":56},"end":{"line":12,"column":57}},"loc":{"start":{"line":12,"column":69},"end":{"line":14,"column":13}}}},"branchMap":{"0":{"loc":{"start":{"line":6,"column":4},"end":{"line":23,"column":null}},"type":"if","locations":[{"start":{"line":6,"column":4},"end":{"line":23,"column":null}},{"start":{"line":21,"column":11},"end":{"line":23,"column":null}}]},"1":{"loc":{"start":{"line":7,"column":6},"end":{"line":20,"column":null}},"type":"if","locations":[{"start":{"line":7,"column":6},"end":{"line":20,"column":null}},{"start":{"line":17,"column":13},"end":{"line":20,"column":null}}]},"2":{"loc":{"start":{"line":8,"column":8},"end":{"line":16,"column":null}},"type":"if","locations":[{"start":{"line":8,"column":8},"end":{"line":16,"column":null}},{"start":{"line":10,"column":15},"end":{"line":16,"column":null}}]}},"s":{"0":1,"1":14,"2":14,"3":30,"4":30,"5":8,"6":8,"7":2,"8":6,"9":7,"10":9,"11":0,"12":22,"13":14,"14":1,"15":1},"f":{"0":14,"1":30,"2":7,"3":9},"b":{"0":[8,22],"1":[8,0],"2":[2,6]}}
,"/Users/giacomo.pasin/Documents/dev/cherry-lerna/packages/extractor/src/methods/scoreKeymaps.ts": {"path":"/Users/giacomo.pasin/Documents/dev/cherry-lerna/packages/extractor/src/methods/scoreKeymaps.ts","statementMap":{"0":{"start":{"line":3,"column":21},"end":{"line":26,"column":1}},"1":{"start":{"line":4,"column":2},"end":{"line":19,"column":5}},"2":{"start":{"line":5,"column":22},"end":{"line":5,"column":23}},"3":{"start":{"line":6,"column":27},"end":{"line":6,"column":29}},"4":{"start":{"line":8,"column":4},"end":{"line":14,"column":null}},"5":{"start":{"line":8,"column":17},"end":{"line":8,"column":18}},"6":{"start":{"line":9,"column":21},"end":{"line":9,"column":31}},"7":{"start":{"line":10,"column":6},"end":{"line":13,"column":null}},"8":{"start":{"line":11,"column":8},"end":{"line":11,"column":25}},"9":{"start":{"line":12,"column":8},"end":{"line":12,"column":21}},"10":{"start":{"line":16,"column":4},"end":{"line":18,"column":6}},"11":{"start":{"line":17,"column":16},"end":{"line":17,"column":77}},"12":{"start":{"line":21,"column":2},"end":{"line":25,"column":5}},"13":{"start":{"line":22,"column":4},"end":{"line":22,"column":41}},"14":{"start":{"line":23,"column":4},"end":{"line":23,"column":23}},"15":{"start":{"line":24,"column":4},"end":{"line":24,"column":41}},"16":{"start":{"line":28,"column":0},"end":{"line":28,"column":28}}},"fnMap":{"0":{"name":"(anonymous_0)","decl":{"start":{"line":3,"column":21},"end":{"line":3,"column":22}},"loc":{"start":{"line":3,"column":64},"end":{"line":26,"column":1}}},"1":{"name":"(anonymous_1)","decl":{"start":{"line":4,"column":20},"end":{"line":4,"column":21}},"loc":{"start":{"line":4,"column":28},"end":{"line":19,"column":3}}},"2":{"name":"(anonymous_2)","decl":{"start":{"line":17,"column":6},"end":{"line":17,"column":7}},"loc":{"start":{"line":17,"column":16},"end":{"line":17,"column":77}}},"3":{"name":"(anonymous_3)","decl":{"start":{"line":21,"column":18},"end":{"line":21,"column":19}},"loc":{"start":{"line":21,"column":29},"end":{"line":25,"column":3}}}},"branchMap":{"0":{"loc":{"start":{"line":10,"column":6},"end":{"line":13,"column":null}},"type":"if","locations":[{"start":{"line":10,"column":6},"end":{"line":13,"column":null}}]}},"s":{"0":1,"1":3,"2":12,"3":12,"4":12,"5":12,"6":15,"7":15,"8":15,"9":15,"10":12,"11":15,"12":3,"13":4,"14":4,"15":4,"16":1},"f":{"0":3,"1":12,"2":15,"3":4},"b":{"0":[15]}}
,"/Users/giacomo.pasin/Documents/dev/cherry-lerna/packages/extractor/src/models/Keymap.ts": {"path":"/Users/giacomo.pasin/Documents/dev/cherry-lerna/packages/extractor/src/models/Keymap.ts","statementMap":{"0":{"start":{"line":3,"column":2},"end":{"line":3,"column":12}},"1":{"start":{"line":6,"column":4},"end":{"line":6,"column":25}},"2":{"start":{"line":1,"column":0},"end":{"line":1,"column":21}}},"fnMap":{"0":{"name":"(anonymous_0)","decl":{"start":{"line":5,"column":2},"end":{"line":5,"column":14}},"loc":{"start":{"line":5,"column":30},"end":{"line":7,"column":3}}}},"branchMap":{},"s":{"0":5,"1":5,"2":1},"f":{"0":5},"b":{}}
,"/Users/giacomo.pasin/Documents/dev/cherry-lerna/packages/extractor/src/models/ValueTuple.ts": {"path":"/Users/giacomo.pasin/Documents/dev/cherry-lerna/packages/extractor/src/models/ValueTuple.ts","statementMap":{"0":{"start":{"line":1,"column":0},"end":{"line":1,"column":32}},"1":{"start":{"line":4,"column":2},"end":{"line":4,"column":16}},"2":{"start":{"line":8,"column":4},"end":{"line":8,"column":35}},"3":{"start":{"line":3,"column":0},"end":{"line":3,"column":21}}},"fnMap":{"0":{"name":"(anonymous_0)","decl":{"start":{"line":7,"column":2},"end":{"line":7,"column":14}},"loc":{"start":{"line":7,"column":35},"end":{"line":9,"column":3}}}},"branchMap":{},"s":{"0":1,"1":2,"2":2,"3":1},"f":{"0":2},"b":{}}
}
