TN:
SF:src/methods/createFieldDictionaryFromKeymaps.ts
FN:3,(anonymous_0)
FN:7,(anonymous_1)
FN:8,(anonymous_2)
FNF:3
FNH:3
FNDA:3,(anonymous_0)
FNDA:4,(anonymous_1)
FNDA:4,(anonymous_2)
DA:3,1
DA:6,3
DA:7,4
DA:9,4
DA:12,3
DA:13,3
DA:16,1
LF:7
LH:7
BRF:0
BRH:0
end_of_record
TN:
SF:src/methods/extractCorrespondentValuesFromKeymap.ts
FN:1,(anonymous_0)
FN:6,(anonymous_1)
FN:16,(anonymous_2)
FN:36,(anonymous_3)
FNF:4
FNH:4
FNDA:15,(anonymous_0)
FNDA:23,(anonymous_1)
FNDA:8,(anonymous_2)
FNDA:1,(anonymous_3)
DA:1,1
DA:5,15
DA:6,15
DA:7,23
DA:8,4
DA:9,4
DA:10,4
DA:11,4
DA:12,4
DA:13,4
DA:15,4
DA:16,4
DA:17,8
DA:18,8
DA:19,3
DA:23,0
DA:25,19
DA:26,4
DA:27,4
DA:28,4
DA:29,4
DA:30,4
DA:31,4
DA:33,15
DA:34,15
DA:35,11
DA:36,2
DA:37,2
DA:39,9
DA:45,15
DA:48,1
LF:31
LH:30
BRDA:7,0,0,4
BRDA:7,0,1,19
BRDA:12,1,0,0
BRDA:12,1,1,4
BRDA:15,2,0,4
BRDA:15,2,1,0
BRDA:18,3,0,3
BRDA:25,4,0,4
BRDA:25,4,1,15
BRDA:34,5,0,11
BRDA:35,6,0,2
BRDA:35,6,1,9
BRF:12
BRH:10
end_of_record
TN:
SF:src/methods/extractValueTupleFromObject.ts
FN:6,(anonymous_0)
FN:16,(anonymous_1)
FNF:2
FNH:2
FNDA:2,(anonymous_0)
FNDA:2,(anonymous_1)
DA:2,1
DA:3,1
DA:4,1
DA:6,1
DA:7,2
DA:10,2
DA:12,2
DA:16,2
DA:17,2
DA:18,2
DA:21,2
DA:22,2
DA:25,2
DA:28,1
LF:14
LH:14
BRDA:10,0,0,0
BRDA:10,0,1,2
BRDA:21,1,0,2
BRDA:21,2,0,2
BRDA:21,2,1,2
BRF:5
BRH:4
end_of_record
TN:
SF:src/methods/getScoredKeymapsFromObject.ts
FN:6,(anonymous_0)
FN:10,(anonymous_1)
FN:12,(anonymous_2)
FN:22,(anonymous_3)
FNF:4
FNH:4
FNDA:3,(anonymous_0)
FNDA:2,(anonymous_1)
FNDA:6,(anonymous_2)
FNDA:1,(anonymous_3)
DA:1,1
DA:2,1
DA:3,1
DA:4,1
DA:6,1
DA:7,3
DA:9,3
DA:10,1
DA:11,2
DA:12,6
DA:14,2
DA:17,2
DA:19,3
DA:21,3
DA:22,3
DA:24,3
DA:27,1
LF:17
LH:17
BRDA:9,0,0,1
BRDA:9,0,1,2
BRDA:12,1,0,0
BRDA:12,1,1,6
BRF:4
BRH:3
end_of_record
TN:
SF:src/methods/mapObjectKeysToArray.ts
FN:1,(anonymous_0)
FN:4,(anonymous_1)
FN:11,(anonymous_2)
FN:12,(anonymous_3)
FNF:4
FNH:4
FNDA:14,(anonymous_0)
FNDA:30,(anonymous_1)
FNDA:7,(anonymous_2)
FNDA:9,(anonymous_3)
DA:1,1
DA:2,14
DA:4,14
DA:5,30
DA:6,30
DA:7,8
DA:8,8
DA:9,2
DA:11,6
DA:12,7
DA:13,9
DA:19,0
DA:22,22
DA:26,14
DA:29,1
LF:15
LH:14
BRDA:6,0,0,8
BRDA:6,0,1,22
BRDA:7,1,0,8
BRDA:7,1,1,0
BRDA:8,2,0,2
BRDA:8,2,1,6
BRF:6
BRH:5
end_of_record
TN:
SF:src/methods/scoreKeymaps.ts
FN:3,(anonymous_0)
FN:4,(anonymous_1)
FN:17,(anonymous_2)
FN:21,(anonymous_3)
FNF:4
FNH:4
FNDA:3,(anonymous_0)
FNDA:12,(anonymous_1)
FNDA:15,(anonymous_2)
FNDA:4,(anonymous_3)
DA:3,1
DA:4,3
DA:5,12
DA:6,12
DA:8,12
DA:9,15
DA:10,15
DA:11,15
DA:12,15
DA:16,12
DA:17,15
DA:21,3
DA:22,4
DA:23,4
DA:24,4
DA:28,1
LF:16
LH:16
BRDA:10,0,0,15
BRF:1
BRH:1
end_of_record
TN:
SF:src/models/Keymap.ts
FN:5,(anonymous_0)
FNF:1
FNH:1
FNDA:5,(anonymous_0)
DA:1,1
DA:3,5
DA:6,5
LF:3
LH:3
BRF:0
BRH:0
end_of_record
TN:
SF:src/models/ValueTuple.ts
FN:7,(anonymous_0)
FNF:1
FNH:1
FNDA:2,(anonymous_0)
DA:1,1
DA:3,1
DA:4,2
DA:8,2
LF:4
LH:4
BRF:0
BRH:0
end_of_record
